#
# There is insufficient memory for the Java Runtime Environment to continue.
# Native memory allocation (malloc) failed to allocate 1360976 bytes for Chunk::new
# Possible reasons:
#   The system is out of physical RAM or swap space
#   In 32 bit mode, the process size limit was hit
# Possible solutions:
#   Reduce memory load on the system
#   Increase physical memory or swap space
#   Check if swap backing store is full
#   Use 64 bit Java on a 64 bit OS
#   Decrease Java heap size (-Xmx/-Xms)
#   Decrease number of Java threads
#   Decrease Java thread stack sizes (-Xss)
#   Set larger code cache with -XX:ReservedCodeCacheSize=
# This output file may be truncated or incomplete.
#
#  Out of Memory Error (allocation.cpp:390), pid=14616, tid=0x0000000000004ce4
#
# JRE version: OpenJDK Runtime Environment (8.0_152-b06) (build 1.8.0_152-release-1136-b06)
# Java VM: OpenJDK 64-Bit Server VM (25.152-b06 mixed mode windows-amd64 compressed oops)
# Failed to write core dump. Minidumps are not enabled by default on client versions of Windows
#

---------------  T H R E A D  ---------------

Current thread (0x0000000018dcc800):  JavaThread "C2 CompilerThread0" daemon [_thread_in_native, id=19684, stack(0x0000000019590000,0x0000000019690000)]

Stack: [0x0000000019590000,0x0000000019690000]
[error occurred during error reporting (printing stack bounds), id 0xc0000005]

Native frames: (J=compiled Java code, j=interpreted, Vv=VM code, C=native code)


Current CompileTask:
C2:2505072 29005       4       com.android.tools.r8.ir.regalloc.LinearScanRegisterAllocator::useRegisterHint (246 bytes)


---------------  P R O C E S S  ---------------

Java Threads: ( => current thread )
  0x000000001e8b3800 JavaThread "ForkJoinPool.commonPool-worker-2" daemon [_thread_blocked, id=13236, stack(0x000000004b620000,0x000000004b720000)]
  0x000000001e8af000 JavaThread "ForkJoinPool.commonPool-worker-1" daemon [_thread_blocked, id=17604, stack(0x000000004b520000,0x000000004b620000)]
  0x000000001e8af800 JavaThread "ForkJoinPool.commonPool-worker-0" daemon [_thread_blocked, id=15208, stack(0x000000004b420000,0x000000004b520000)]
  0x000000001e8ab000 JavaThread "ForkJoinPool.commonPool-worker-7" daemon [_thread_blocked, id=11612, stack(0x000000004b320000,0x000000004b420000)]
  0x000000002972d800 JavaThread "Cache worker for Java compile cache (D:\Lecke\III ev\II felev\Allamvizsga\WiFiManager\.gradle\4.6\javaCompile)" [_thread_blocked, id=18316, stack(0x000000004b120000,0x000000004b220000)]
  0x0000000029729800 JavaThread "stdout" daemon [_thread_in_native, id=3196, stack(0x000000004b020000,0x000000004b120000)]
  0x000000002972a800 JavaThread "stderr" daemon [_thread_in_native, id=19620, stack(0x000000004af20000,0x000000004b020000)]
  0x000000002972c000 JavaThread "stdout" daemon [_thread_in_native, id=2912, stack(0x000000004ae20000,0x000000004af20000)]
  0x0000000029722000 JavaThread "stderr" daemon [_thread_in_native, id=17744, stack(0x000000004ad20000,0x000000004ae20000)]
  0x0000000029726000 JavaThread "pool-45-thread-1" [_thread_blocked, id=15004, stack(0x000000004ac20000,0x000000004ad20000)]
  0x0000000029729000 JavaThread "ForkJoinPool.commonPool-worker-6" daemon [_thread_blocked, id=7908, stack(0x000000004ab20000,0x000000004ac20000)]
  0x0000000029727800 JavaThread "ForkJoinPool.commonPool-worker-5" daemon [_thread_blocked, id=5912, stack(0x000000004aa20000,0x000000004ab20000)]
  0x0000000029726800 JavaThread "ForkJoinPool.commonPool-worker-4" daemon [_thread_blocked, id=19156, stack(0x000000004a920000,0x000000004aa20000)]
  0x0000000029721800 JavaThread "Task worker for ':' Thread 7" [_thread_blocked, id=9044, stack(0x000000004a820000,0x000000004a920000)]
  0x0000000029728000 JavaThread "Task worker for ':' Thread 6" [_thread_blocked, id=1284, stack(0x000000004a720000,0x000000004a820000)]
  0x0000000029725000 JavaThread "Task worker for ':' Thread 5" [_thread_blocked, id=19396, stack(0x000000004a620000,0x000000004a720000)]
  0x0000000029720800 JavaThread "Task worker for ':' Thread 4" [_thread_blocked, id=18796, stack(0x000000004a520000,0x000000004a620000)]
  0x0000000029720000 JavaThread "Task worker for ':' Thread 3" [_thread_blocked, id=7840, stack(0x000000004a420000,0x000000004a520000)]
  0x0000000029724800 JavaThread "Task worker for ':' Thread 2" [_thread_blocked, id=4116, stack(0x000000004a320000,0x000000004a420000)]
  0x0000000029723800 JavaThread "Task worker for ':'" [_thread_blocked, id=1228, stack(0x000000004a220000,0x000000004a320000)]
  0x0000000029723000 JavaThread "Cache worker for Build Output Cleanup Cache (D:\Lecke\III ev\II felev\Allamvizsga\WiFiManager\.gradle\buildOutputCleanup)" [_thread_blocked, id=16772, stack(0x000000004a120000,0x000000004a220000)]
  0x0000000020d46000 JavaThread "Cache worker for task history cache (D:\Lecke\III ev\II felev\Allamvizsga\WiFiManager\.gradle\4.6\taskHistory)" [_thread_blocked, id=348, stack(0x000000004a020000,0x000000004a120000)]
  0x0000000020d45800 JavaThread "Cache worker for file content cache (D:\Lecke\III ev\II felev\Allamvizsga\WiFiManager\.gradle\4.6\fileContent)" [_thread_blocked, id=10268, stack(0x0000000049f20000,0x000000004a020000)]
  0x0000000020d44000 JavaThread "Build operations Thread 8" [_thread_blocked, id=14052, stack(0x0000000049e20000,0x0000000049f20000)]
  0x0000000020d41800 JavaThread "Build operations Thread 7" [_thread_blocked, id=1536, stack(0x0000000049d20000,0x0000000049e20000)]
  0x0000000020d42800 JavaThread "Build operations Thread 6" [_thread_blocked, id=9744, stack(0x0000000049c20000,0x0000000049d20000)]
  0x0000000020d47000 JavaThread "Build operations Thread 5" [_thread_blocked, id=8184, stack(0x0000000049b20000,0x0000000049c20000)]
  0x0000000020d41000 JavaThread "Build operations Thread 4" [_thread_blocked, id=18520, stack(0x0000000049a20000,0x0000000049b20000)]
  0x0000000020d39800 JavaThread "Build operations Thread 3" [_thread_blocked, id=19568, stack(0x0000000049920000,0x0000000049a20000)]
  0x0000000020d40000 JavaThread "Build operations Thread 2" [_thread_blocked, id=11720, stack(0x0000000049820000,0x0000000049920000)]
  0x0000000020d3e800 JavaThread "Build operations" [_thread_blocked, id=1092, stack(0x0000000049720000,0x0000000049820000)]
  0x0000000020d3e000 JavaThread "Cache worker for Artifact transforms cache (C:\Users\Zsolti\.gradle\caches\transforms-1)" [_thread_blocked, id=3432, stack(0x0000000049620000,0x0000000049720000)]
  0x0000000020d3d000 JavaThread "Cache worker for file hash cache (D:\Lecke\III ev\II felev\Allamvizsga\WiFiManager\.gradle\4.6\fileHashes)" [_thread_blocked, id=6480, stack(0x0000000049520000,0x0000000049620000)]
  0x0000000020d38800 JavaThread "Stdin handler" [_thread_blocked, id=19312, stack(0x0000000049420000,0x0000000049520000)]
  0x0000000020d3c800 JavaThread "Asynchronous log dispatcher for DefaultDaemonConnection: socket connection from /127.0.0.1:61123 to /127.0.0.1:64139" [_thread_blocked, id=14680, stack(0x0000000049320000,0x0000000049420000)]
  0x0000000020d3f800 JavaThread "Daemon worker Thread 7" [_thread_blocked, id=16172, stack(0x0000000049220000,0x0000000049320000)]
  0x0000000020d3a000 JavaThread "Cancel handler" [_thread_blocked, id=18408, stack(0x0000000049120000,0x0000000049220000)]
  0x0000000020d38000 JavaThread "Handler for socket connection from /127.0.0.1:61123 to /127.0.0.1:64139" [_thread_in_native, id=6852, stack(0x0000000049020000,0x0000000049120000)]
  0x0000000020d3b000 JavaThread "Daemon Thread 7" [_thread_blocked, id=1200, stack(0x0000000048f20000,0x0000000049020000)]
  0x000000001e8b2000 JavaThread "pool-7-thread-1" [_thread_blocked, id=10964, stack(0x000000002c120000,0x000000002c220000)]
  0x000000001db1b800 JavaThread "Memory manager" [_thread_blocked, id=16700, stack(0x0000000023b00000,0x0000000023c00000)]
  0x000000001db1f000 JavaThread "pool-1-thread-1" [_thread_blocked, id=8432, stack(0x0000000023600000,0x0000000023700000)]
  0x000000001b0b7000 JavaThread "File lock request listener" [_thread_in_native, id=18368, stack(0x000000001c7e0000,0x000000001c8e0000)]
  0x000000001af6c800 JavaThread "Cache worker for file hash cache (C:\Users\Zsolti\.gradle\caches\4.6\fileHashes)" [_thread_blocked, id=18680, stack(0x000000001c6e0000,0x000000001c7e0000)]
  0x000000001adf0000 JavaThread "Daemon periodic checks" [_thread_blocked, id=3448, stack(0x000000001bae0000,0x000000001bbe0000)]
  0x000000001ab76000 JavaThread "Incoming local TCP Connector on port 61123" [_thread_in_native, id=8672, stack(0x000000001b8a0000,0x000000001b9a0000)]
  0x0000000018e64800 JavaThread "Service Thread" daemon [_thread_blocked, id=6372, stack(0x0000000019990000,0x0000000019a90000)]
  0x0000000018de1000 JavaThread "C1 CompilerThread3" daemon [_thread_blocked, id=18784, stack(0x0000000019890000,0x0000000019990000)]
  0x0000000018dd3800 JavaThread "C2 CompilerThread2" daemon [_thread_in_native, id=18424, stack(0x0000000019790000,0x0000000019890000)]
  0x0000000018dd2800 JavaThread "C2 CompilerThread1" daemon [_thread_in_native, id=14004, stack(0x0000000019690000,0x0000000019790000)]
=>0x0000000018dcc800 JavaThread "C2 CompilerThread0" daemon [_thread_in_native, id=19684, stack(0x0000000019590000,0x0000000019690000)]
  0x0000000018dcb800 JavaThread "Attach Listener" daemon [_thread_blocked, id=11016, stack(0x0000000019490000,0x0000000019590000)]
  0x0000000018dd6000 JavaThread "Signal Dispatcher" daemon [_thread_blocked, id=7324, stack(0x0000000019390000,0x0000000019490000)]
  0x0000000018dc0800 JavaThread "Finalizer" daemon [_thread_blocked, id=5988, stack(0x00000000191a0000,0x00000000192a0000)]
  0x00000000030e9000 JavaThread "Reference Handler" daemon [_thread_blocked, id=13384, stack(0x0000000018ca0000,0x0000000018da0000)]
  0x0000000002fee000 JavaThread "main" [_thread_blocked, id=8612, stack(0x0000000002e40000,0x0000000002f40000)]

Other Threads:
  0x0000000016ea5800 VMThread [stack: 0x0000000018ba0000,0x0000000018ca0000] [id=2128]
  0x0000000018e65000 WatcherThread [stack: 0x0000000019a90000,0x0000000019b90000] [id=6232]

VM state:not at safepoint (normal execution)

VM Mutex/Monitor currently owned by a thread: None

Heap:
 PSYoungGen      total 478208K, used 132978K [0x00000000e0000000, 0x00000000ffd00000, 0x0000000100000000)
  eden space 438272K, 25% used [0x00000000e0000000,0x00000000e6f17d48,0x00000000fac00000)
  from space 39936K, 48% used [0x00000000fd600000,0x00000000fe8c4b58,0x00000000ffd00000)
  to   space 41472K, 0% used [0x00000000fac00000,0x00000000fac00000,0x00000000fd480000)
 ParOldGen       total 273920K, used 86039K [0x00000000a0000000, 0x00000000b0b80000, 0x00000000e0000000)
  object space 273920K, 31% used [0x00000000a0000000,0x00000000a5405ed8,0x00000000b0b80000)
 Metaspace       used 113899K, capacity 121670K, committed 121984K, reserved 1155072K
  class space    used 14364K, capacity 15895K, committed 16000K, reserved 1048576K

Card table byte_map: [0x00000000124b0000,0x00000000127c0000] byte_map_base: 0x0000000011fb0000

Marking Bits: (ParMarkBitMap*) 0x000000005fd85aa0
 Begin Bits: [0x00000000131c0000, 0x00000000149c0000)
 End Bits:   [0x00000000149c0000, 0x00000000161c0000)

Polling page: 0x00000000015a0000

CodeCache: size=245760Kb used=75516Kb max_used=77275Kb free=170243Kb
 bounds [0x00000000030f0000, 0x0000000007ce0000, 0x00000000120f0000]
 total_blobs=23076 nmethods=22202 adapters=783
 compilation: enabled

Compilation events (10 events):
Event: 2503.908 Thread 0x0000000018dcc800 nmethod 29041 0x0000000005c43e10 code [0x0000000005c44100, 0x0000000005c45470]
Event: 2503.908 Thread 0x0000000018dcc800 28952       4       com.android.tools.r8.code.Format35c::collectIndexedItems (11 bytes)
Event: 2503.924 Thread 0x0000000018dcc800 nmethod 28952 0x000000000419efd0 code [0x000000000419f200, 0x000000000419f928]
Event: 2503.925 Thread 0x0000000018dcc800 29005       4       com.android.tools.r8.ir.regalloc.LinearScanRegisterAllocator::useRegisterHint (246 bytes)
Event: 2503.941 Thread 0x0000000018dd2800 nmethod 28966 0x00000000064fd390 code [0x00000000064fd700, 0x00000000064ff6a8]
Event: 2503.941 Thread 0x0000000018dd2800 28988       4       com.android.tools.r8.ir.regalloc.LinearScanRegisterAllocator::valuesContain (65 bytes)
Event: 2503.949 Thread 0x0000000018dd2800 nmethod 28988 0x00000000040cdb10 code [0x00000000040cdca0, 0x00000000040ce118]
Event: 2503.949 Thread 0x0000000018dd2800 28974       4       com.android.tools.r8.ir.conversion.JarSourceCode::computeBlockEntryJarStates (300 bytes)
Event: 2504.194 Thread 0x0000000018dd3800 nmethod 28930 0x0000000005ce3110 code [0x0000000005ce3760, 0x0000000005ce9138]
Event: 2504.194 Thread 0x0000000018dd3800 28987       4       com.android.tools.r8.ir.code.BasicBlock::close (149 bytes)

GC Heap History (10 events):
Event: 1815.080 GC heap before
{Heap before GC invocations=32 (full 4):
 PSYoungGen      total 479744K, used 464909K [0x00000000e0000000, 0x00000000ffc80000, 0x0000000100000000)
  eden space 440832K, 100% used [0x00000000e0000000,0x00000000fae80000,0x00000000fae80000)
  from space 38912K, 61% used [0x00000000fae80000,0x00000000fc603410,0x00000000fd480000)
  to   space 37888K, 0% used [0x00000000fd780000,0x00000000fd780000,0x00000000ffc80000)
 ParOldGen       total 273920K, used 66505K [0x00000000a0000000, 0x00000000b0b80000, 0x00000000e0000000)
  object space 273920K, 24% used [0x00000000a0000000,0x00000000a40f2558,0x00000000b0b80000)
 Metaspace       used 112362K, capacity 119518K, committed 119680K, reserved 1153024K
  class space    used 14244K, capacity 15677K, committed 15744K, reserved 1048576K
Event: 1815.101 GC heap after
Heap after GC invocations=32 (full 4):
 PSYoungGen      total 482816K, used 13680K [0x00000000e0000000, 0x00000000fff00000, 0x0000000100000000)
  eden space 444928K, 0% used [0x00000000e0000000,0x00000000e0000000,0x00000000fb280000)
  from space 37888K, 36% used [0x00000000fd780000,0x00000000fe4dc110,0x00000000ffc80000)
  to   space 37888K, 0% used [0x00000000fb280000,0x00000000fb280000,0x00000000fd780000)
 ParOldGen       total 273920K, used 79403K [0x00000000a0000000, 0x00000000b0b80000, 0x00000000e0000000)
  object space 273920K, 28% used [0x00000000a0000000,0x00000000a4d8af08,0x00000000b0b80000)
 Metaspace       used 112362K, capacity 119518K, committed 119680K, reserved 1153024K
  class space    used 14244K, capacity 15677K, committed 15744K, reserved 1048576K
}
Event: 1835.463 GC heap before
{Heap before GC invocations=33 (full 4):
 PSYoungGen      total 482816K, used 458608K [0x00000000e0000000, 0x00000000fff00000, 0x0000000100000000)
  eden space 444928K, 100% used [0x00000000e0000000,0x00000000fb280000,0x00000000fb280000)
  from space 37888K, 36% used [0x00000000fd780000,0x00000000fe4dc110,0x00000000ffc80000)
  to   space 37888K, 0% used [0x00000000fb280000,0x00000000fb280000,0x00000000fd780000)
 ParOldGen       total 273920K, used 79403K [0x00000000a0000000, 0x00000000b0b80000, 0x00000000e0000000)
  object space 273920K, 28% used [0x00000000a0000000,0x00000000a4d8af08,0x00000000b0b80000)
 Metaspace       used 112827K, capacity 120058K, committed 120192K, reserved 1153024K
  class space    used 14248K, capacity 15681K, committed 15744K, reserved 1048576K
Event: 1835.502 GC heap after
Heap after GC invocations=33 (full 4):
 PSYoungGen      total 482816K, used 37879K [0x00000000e0000000, 0x0000000100000000, 0x0000000100000000)
  eden space 444928K, 0% used [0x00000000e0000000,0x00000000e0000000,0x00000000fb280000)
  from space 37888K, 99% used [0x00000000fb280000,0x00000000fd77de60,0x00000000fd780000)
  to   space 41472K, 0% used [0x00000000fd780000,0x00000000fd780000,0x0000000100000000)
 ParOldGen       total 273920K, used 83686K [0x00000000a0000000, 0x00000000b0b80000, 0x00000000e0000000)
  object space 273920K, 30% used [0x00000000a0000000,0x00000000a51b9958,0x00000000b0b80000)
 Metaspace       used 112827K, capacity 120058K, committed 120192K, reserved 1153024K
  class space    used 14248K, capacity 15681K, committed 15744K, reserved 1048576K
}
Event: 1837.356 GC heap before
{Heap before GC invocations=34 (full 4):
 PSYoungGen      total 482816K, used 482245K [0x00000000e0000000, 0x0000000100000000, 0x0000000100000000)
  eden space 444928K, 99% used [0x00000000e0000000,0x00000000fb1f3700,0x00000000fb280000)
  from space 37888K, 99% used [0x00000000fb280000,0x00000000fd77de60,0x00000000fd780000)
  to   space 41472K, 0% used [0x00000000fd780000,0x00000000fd780000,0x0000000100000000)
 ParOldGen       total 273920K, used 83686K [0x00000000a0000000, 0x00000000b0b80000, 0x00000000e0000000)
  object space 273920K, 30% used [0x00000000a0000000,0x00000000a51b9958,0x00000000b0b80000)
 Metaspace       used 112959K, capacity 120168K, committed 120448K, reserved 1155072K
  class space    used 14250K, capacity 15686K, committed 15744K, reserved 1048576K
Event: 1837.369 GC heap after
Heap after GC invocations=34 (full 4):
 PSYoungGen      total 479744K, used 17330K [0x00000000e0000000, 0x0000000100000000, 0x0000000100000000)
  eden space 438272K, 0% used [0x00000000e0000000,0x00000000e0000000,0x00000000fac00000)
  from space 41472K, 41% used [0x00000000fd780000,0x00000000fe86cbc0,0x0000000100000000)
  to   space 43008K, 0% used [0x00000000fac00000,0x00000000fac00000,0x00000000fd600000)
 ParOldGen       total 273920K, used 86023K [0x00000000a0000000, 0x00000000b0b80000, 0x00000000e0000000)
  object space 273920K, 31% used [0x00000000a0000000,0x00000000a5401ed8,0x00000000b0b80000)
 Metaspace       used 112959K, capacity 120168K, committed 120448K, reserved 1155072K
  class space    used 14250K, capacity 15686K, committed 15744K, reserved 1048576K
}
Event: 2495.692 GC heap before
{Heap before GC invocations=35 (full 4):
 PSYoungGen      total 479744K, used 455255K [0x00000000e0000000, 0x0000000100000000, 0x0000000100000000)
  eden space 438272K, 99% used [0x00000000e0000000,0x00000000faba9058,0x00000000fac00000)
  from space 41472K, 41% used [0x00000000fd780000,0x00000000fe86cbc0,0x0000000100000000)
  to   space 43008K, 0% used [0x00000000fac00000,0x00000000fac00000,0x00000000fd600000)
 ParOldGen       total 273920K, used 86023K [0x00000000a0000000, 0x00000000b0b80000, 0x00000000e0000000)
  object space 273920K, 31% used [0x00000000a0000000,0x00000000a5401ed8,0x00000000b0b80000)
 Metaspace       used 113412K, capacity 121220K, committed 121344K, reserved 1155072K
  class space    used 14322K, capacity 15818K, committed 15872K, reserved 1048576K
Event: 2495.706 GC heap after
Heap after GC invocations=35 (full 4):
 PSYoungGen      total 481280K, used 11104K [0x00000000e0000000, 0x0000000100000000, 0x0000000100000000)
  eden space 438272K, 0% used [0x00000000e0000000,0x00000000e0000000,0x00000000fac00000)
  from space 43008K, 25% used [0x00000000fac00000,0x00000000fb6d82f0,0x00000000fd600000)
  to   space 43008K, 0% used [0x00000000fd600000,0x00000000fd600000,0x0000000100000000)
 ParOldGen       total 273920K, used 86031K [0x00000000a0000000, 0x00000000b0b80000, 0x00000000e0000000)
  object space 273920K, 31% used [0x00000000a0000000,0x00000000a5403ed8,0x00000000b0b80000)
 Metaspace       used 113412K, capacity 121220K, committed 121344K, reserved 1155072K
  class space    used 14322K, capacity 15818K, committed 15872K, reserved 1048576K
}
Event: 2503.500 GC heap before
{Heap before GC invocations=36 (full 4):
 PSYoungGen      total 481280K, used 449325K [0x00000000e0000000, 0x0000000100000000, 0x0000000100000000)
  eden space 438272K, 99% used [0x00000000e0000000,0x00000000fabf3398,0x00000000fac00000)
  from space 43008K, 25% used [0x00000000fac00000,0x00000000fb6d82f0,0x00000000fd600000)
  to   space 43008K, 0% used [0x00000000fd600000,0x00000000fd600000,0x0000000100000000)
 ParOldGen       total 273920K, used 86031K [0x00000000a0000000, 0x00000000b0b80000, 0x00000000e0000000)
  object space 273920K, 31% used [0x00000000a0000000,0x00000000a5403ed8,0x00000000b0b80000)
 Metaspace       used 113888K, capacity 121670K, committed 121984K, reserved 1155072K
  class space    used 14364K, capacity 15895K, committed 16000K, reserved 1048576K
Event: 2503.521 GC heap after
Heap after GC invocations=36 (full 4):
 PSYoungGen      total 478208K, used 19218K [0x00000000e0000000, 0x00000000ffd00000, 0x0000000100000000)
  eden space 438272K, 0% used [0x00000000e0000000,0x00000000e0000000,0x00000000fac00000)
  from space 39936K, 48% used [0x00000000fd600000,0x00000000fe8c4b58,0x00000000ffd00000)
  to   space 41472K, 0% used [0x00000000fac00000,0x00000000fac00000,0x00000000fd480000)
 ParOldGen       total 273920K, used 86039K [0x00000000a0000000, 0x00000000b0b80000, 0x00000000e0000000)
  object space 273920K, 31% used [0x00000000a0000000,0x00000000a5405ed8,0x00000000b0b80000)
 Metaspace       used 113888K, capacity 121670K, committed 121984K, reserved 1155072K
  class space    used 14364K, capacity 15895K, committed 16000K, reserved 1048576K
}

Deoptimization events (10 events):
Event: 2503.326 Thread 0x000000001e8b3800 Uncommon trap: reason=class_check action=maybe_recompile pc=0x000000000796eac0 method=com.android.tools.r8.graph.DexDebugInfo.collectMixedSectionItems(Lcom/android/tools/r8/dex/MixedSectionCollection;)V @ 2
Event: 2503.326 Thread 0x000000001e8b3800 Uncommon trap: reason=class_check action=maybe_recompile pc=0x0000000004069df4 method=com.android.tools.r8.graph.ParameterAnnotationsList.collectMixedSectionItems(Lcom/android/tools/r8/dex/MixedSectionCollection;)V @ 10
Event: 2503.337 Thread 0x0000000029727800 Uncommon trap: reason=unstable_if action=reinterpret pc=0x00000000078b9570 method=com.android.tools.r8.ir.conversion.DexBuilder.build(I)Lcom/android/tools/r8/graph/DexCode; @ 486
Event: 2503.342 Thread 0x0000000029726800 Uncommon trap: reason=class_check action=maybe_recompile pc=0x0000000004069df4 method=com.android.tools.r8.graph.ParameterAnnotationsList.collectMixedSectionItems(Lcom/android/tools/r8/dex/MixedSectionCollection;)V @ 10
Event: 2503.343 Thread 0x0000000029727800 Uncommon trap: reason=class_check action=maybe_recompile pc=0x0000000004069df4 method=com.android.tools.r8.graph.ParameterAnnotationsList.collectMixedSectionItems(Lcom/android/tools/r8/dex/MixedSectionCollection;)V @ 10
Event: 2503.344 Thread 0x000000001e8af000 Uncommon trap: reason=class_check action=maybe_recompile pc=0x0000000004069df4 method=com.android.tools.r8.graph.ParameterAnnotationsList.collectMixedSectionItems(Lcom/android/tools/r8/dex/MixedSectionCollection;)V @ 10
Event: 2503.350 Thread 0x0000000029729000 Uncommon trap: reason=unstable_if action=reinterpret pc=0x00000000073b2468 method=com.android.tools.r8.ir.conversion.DexBuilder.build(I)Lcom/android/tools/r8/graph/DexCode; @ 468
Event: 2503.571 Thread 0x000000001e8af800 Uncommon trap: reason=unstable_if action=reinterpret pc=0x00000000078de398 method=com.android.tools.r8.graph.DexCode.computeHashCode()I @ 35
Event: 2503.574 Thread 0x000000001e8af800 Uncommon trap: reason=unstable_if action=reinterpret pc=0x00000000078eb9cc method=com.android.tools.r8.graph.DexCode.computeHashCode()I @ 35
Event: 2503.706 Thread 0x000000001e8af800 Uncommon trap: reason=unstable_if action=reinterpret pc=0x0000000007968ff0 method=com.android.tools.r8.graph.DexCode.collectMixedSectionItems(Lcom/android/tools/r8/dex/MixedSectionCollection;)V @ 12

Classes redefined (0 events):
No events

Internal exceptions (10 events):
Event: 2503.985 Thread 0x000000001e8af800 Exception <a 'sun/nio/fs/WindowsException'> (0x00000000e6985a08) thrown at [D:\src\AOSP-openjdk-cygwin\jdk8u\hotspot\src\share\vm\prims\jni.cpp, line 709]
Event: 2503.990 Thread 0x000000001e8af800 Exception <a 'sun/nio/fs/WindowsException'> (0x00000000e698ae88) thrown at [D:\src\AOSP-openjdk-cygwin\jdk8u\hotspot\src\share\vm\prims\jni.cpp, line 709]
Event: 2503.994 Thread 0x000000001e8af800 Exception <a 'sun/nio/fs/WindowsException'> (0x00000000e698ffa0) thrown at [D:\src\AOSP-openjdk-cygwin\jdk8u\hotspot\src\share\vm\prims\jni.cpp, line 709]
Event: 2503.998 Thread 0x000000001e8af800 Exception <a 'sun/nio/fs/WindowsException'> (0x00000000e6995de0) thrown at [D:\src\AOSP-openjdk-cygwin\jdk8u\hotspot\src\share\vm\prims\jni.cpp, line 709]
Event: 2504.004 Thread 0x000000001e8af800 Exception <a 'sun/nio/fs/WindowsException'> (0x00000000e69a2198) thrown at [D:\src\AOSP-openjdk-cygwin\jdk8u\hotspot\src\share\vm\prims\jni.cpp, line 709]
Event: 2504.009 Thread 0x000000001e8af800 Exception <a 'sun/nio/fs/WindowsException'> (0x00000000e6bef488) thrown at [D:\src\AOSP-openjdk-cygwin\jdk8u\hotspot\src\share\vm\prims\jni.cpp, line 709]
Event: 2504.014 Thread 0x000000001e8af800 Exception <a 'sun/nio/fs/WindowsException'> (0x00000000e6bf4958) thrown at [D:\src\AOSP-openjdk-cygwin\jdk8u\hotspot\src\share\vm\prims\jni.cpp, line 709]
Event: 2504.020 Thread 0x000000001e8af800 Exception <a 'sun/nio/fs/WindowsException'> (0x00000000e6bf9ce0) thrown at [D:\src\AOSP-openjdk-cygwin\jdk8u\hotspot\src\share\vm\prims\jni.cpp, line 709]
Event: 2504.024 Thread 0x000000001e8af800 Exception <a 'sun/nio/fs/WindowsException'> (0x00000000e6bff268) thrown at [D:\src\AOSP-openjdk-cygwin\jdk8u\hotspot\src\share\vm\prims\jni.cpp, line 709]
Event: 2504.029 Thread 0x000000001e8af800 Exception <a 'sun/nio/fs/WindowsException'> (0x00000000e6c0e010) thrown at [D:\src\AOSP-openjdk-cygwin\jdk8u\hotspot\src\share\vm\prims\jni.cpp, line 709]

Events (10 events):
Event: 2503.708 Thread 0x0000000029727800 DEOPT PACKING pc=0x0000000006c1bac1 sp=0x000000004ab1d9c0
Event: 2503.708 Thread 0x0000000029727800 DEOPT UNPACKING pc=0x00000000031375d0 sp=0x000000004ab1d7b0 mode 0
Event: 2503.723 Thread 0x0000000029727800 DEOPT PACKING pc=0x0000000006be9171 sp=0x000000004ab1dcd0
Event: 2503.723 Thread 0x0000000029727800 DEOPT UNPACKING pc=0x00000000031375d0 sp=0x000000004ab1d9f8 mode 0
Event: 2503.725 Thread 0x0000000029727800 DEOPT PACKING pc=0x0000000006bd03b8 sp=0x000000004ab1df00
Event: 2503.725 Thread 0x0000000029727800 DEOPT UNPACKING pc=0x00000000031375d0 sp=0x000000004ab1dcd8 mode 0
Event: 2503.782 Thread 0x000000001e8af000 DEOPT PACKING pc=0x0000000006c1ba68 sp=0x000000004b61d810
Event: 2503.782 Thread 0x000000001e8af000 DEOPT UNPACKING pc=0x00000000031375d0 sp=0x000000004b61d600 mode 0
Event: 2503.887 Thread 0x000000001e8af800 DEOPT PACKING pc=0x00000000071b8816 sp=0x000000004b51e870
Event: 2503.887 Thread 0x000000001e8af800 DEOPT UNPACKING pc=0x00000000031375d0 sp=0x000000004b51e698 mode 0


Dynamic libraries:
0x00007ff602df0000 - 0x00007ff602e21000 	C:\Program Files\Android\Android Studio\jre\bin\java.exe
0x00007ffed55c0000 - 0x00007ffed57a1000 	C:\WINDOWS\SYSTEM32\ntdll.dll
0x00007ffed4a50000 - 0x00007ffed4b02000 	C:\WINDOWS\System32\KERNEL32.DLL
0x00007ffed21a0000 - 0x00007ffed2413000 	C:\WINDOWS\System32\KERNELBASE.dll
0x00007ffed54e0000 - 0x00007ffed5581000 	C:\WINDOWS\System32\ADVAPI32.dll
0x00007ffed33b0000 - 0x00007ffed344e000 	C:\WINDOWS\System32\msvcrt.dll
0x00007ffed5320000 - 0x00007ffed537b000 	C:\WINDOWS\System32\sechost.dll
0x00007ffed5100000 - 0x00007ffed5224000 	C:\WINDOWS\System32\RPCRT4.dll
0x00007ffed3480000 - 0x00007ffed3610000 	C:\WINDOWS\System32\USER32.dll
0x00007ffed2890000 - 0x00007ffed28b0000 	C:\WINDOWS\System32\win32u.dll
0x00007ffed3450000 - 0x00007ffed3478000 	C:\WINDOWS\System32\GDI32.dll
0x00007ffed28b0000 - 0x00007ffed2a42000 	C:\WINDOWS\System32\gdi32full.dll
0x00007ffed20a0000 - 0x00007ffed213f000 	C:\WINDOWS\System32\msvcp_win.dll
0x00007ffed25a0000 - 0x00007ffed269a000 	C:\WINDOWS\System32\ucrtbase.dll
0x00007ffeb8b00000 - 0x00007ffeb8d69000 	C:\WINDOWS\WinSxS\amd64_microsoft.windows.common-controls_6595b64144ccf1df_6.0.17134.590_none_fb3d9bff3069e088\COMCTL32.dll
0x00007ffed2ab0000 - 0x00007ffed2dd2000 	C:\WINDOWS\System32\combase.dll
0x00007ffed24d0000 - 0x00007ffed254a000 	C:\WINDOWS\System32\bcryptPrimitives.dll
0x00007ffed4b10000 - 0x00007ffed4b3d000 	C:\WINDOWS\System32\IMM32.DLL
0x000000005f4e0000 - 0x000000005f5b2000 	C:\Program Files\Android\Android Studio\jre\jre\bin\msvcr100.dll
0x000000005f5c0000 - 0x000000005fe01000 	C:\Program Files\Android\Android Studio\jre\jre\bin\server\jvm.dll
0x00007ffed5290000 - 0x00007ffed5298000 	C:\WINDOWS\System32\PSAPI.DLL
0x00007ffecfa20000 - 0x00007ffecfa43000 	C:\WINDOWS\SYSTEM32\WINMM.dll
0x00007ffec2580000 - 0x00007ffec2589000 	C:\WINDOWS\SYSTEM32\WSOCK32.dll
0x00007ffed4b40000 - 0x00007ffed4bac000 	C:\WINDOWS\System32\WS2_32.dll
0x00007ffecc810000 - 0x00007ffecc81a000 	C:\WINDOWS\SYSTEM32\VERSION.dll
0x00007ffecf910000 - 0x00007ffecf93a000 	C:\WINDOWS\SYSTEM32\WINMMBASE.dll
0x00007ffed2550000 - 0x00007ffed2599000 	C:\WINDOWS\System32\cfgmgr32.dll
0x00007ffeccae0000 - 0x00007ffeccaef000 	C:\Program Files\Android\Android Studio\jre\jre\bin\verify.dll
0x00007ffeca9f0000 - 0x00007ffecaa19000 	C:\Program Files\Android\Android Studio\jre\jre\bin\java.dll
0x00007ffecc910000 - 0x00007ffecc926000 	C:\Program Files\Android\Android Studio\jre\jre\bin\zip.dll
0x00007ffed3610000 - 0x00007ffed4a50000 	C:\WINDOWS\System32\SHELL32.dll
0x00007ffed2de0000 - 0x00007ffed2e89000 	C:\WINDOWS\System32\shcore.dll
0x00007ffed1990000 - 0x00007ffed209d000 	C:\WINDOWS\System32\windows.storage.dll
0x00007ffed5230000 - 0x00007ffed5281000 	C:\WINDOWS\System32\shlwapi.dll
0x00007ffed1970000 - 0x00007ffed1981000 	C:\WINDOWS\System32\kernel.appcore.dll
0x00007ffed18d0000 - 0x00007ffed18ef000 	C:\WINDOWS\System32\profapi.dll
0x00007ffed1920000 - 0x00007ffed196c000 	C:\WINDOWS\System32\powrprof.dll
0x00007ffed1910000 - 0x00007ffed191a000 	C:\WINDOWS\System32\FLTLIB.DLL
0x00007ffecc340000 - 0x00007ffecc35a000 	C:\Program Files\Android\Android Studio\jre\jre\bin\net.dll
0x00007ffed10f0000 - 0x00007ffed1156000 	C:\WINDOWS\system32\mswsock.dll
0x00007ffecc2e0000 - 0x00007ffecc2f1000 	C:\Program Files\Android\Android Studio\jre\jre\bin\nio.dll
0x00007ffecc8d0000 - 0x00007ffecc8ee000 	C:\Users\Zsolti\.gradle\native\25\windows-amd64\native-platform.dll
0x00007ffeccad0000 - 0x00007ffeccadd000 	C:\Program Files\Android\Android Studio\jre\jre\bin\management.dll
0x00007ffed12b0000 - 0x00007ffed12c7000 	C:\WINDOWS\SYSTEM32\CRYPTSP.dll
0x00007ffed0cd0000 - 0x00007ffed0d03000 	C:\WINDOWS\system32\rsaenh.dll
0x00007ffed1430000 - 0x00007ffed1455000 	C:\WINDOWS\SYSTEM32\bcrypt.dll
0x00007ffed1800000 - 0x00007ffed1828000 	C:\WINDOWS\SYSTEM32\USERENV.dll
0x00007ffed12a0000 - 0x00007ffed12ab000 	C:\WINDOWS\SYSTEM32\CRYPTBASE.dll
0x00007ffed0e70000 - 0x00007ffed0ea8000 	C:\WINDOWS\SYSTEM32\IPHLPAPI.DLL
0x00007ffed3210000 - 0x00007ffed3218000 	C:\WINDOWS\System32\NSI.dll
0x00007ffecb090000 - 0x00007ffecb0a6000 	C:\WINDOWS\SYSTEM32\dhcpcsvc6.DLL
0x00007ffecb420000 - 0x00007ffecb43a000 	C:\WINDOWS\SYSTEM32\dhcpcsvc.DLL
0x00007ffed09c0000 - 0x00007ffed09f1000 	C:\WINDOWS\SYSTEM32\ntmarta.dll

VM Arguments:
jvm_args: -Xmx1536m -Dfile.encoding=windows-1252 -Duser.country=US -Duser.language=en -Duser.variant 
java_command: org.gradle.launcher.daemon.bootstrap.GradleDaemon 4.6
java_class_path (initial): C:\Users\Zsolti\.gradle\wrapper\dists\gradle-4.6-all\bcst21l2brirad8k2ben1letg\gradle-4.6\lib\gradle-launcher-4.6.jar
Launcher Type: SUN_STANDARD

Environment Variables:
PATH=C:\Program Files\Microsoft MPI\Bin\;C:\Program Files (x86)\Intel\iCLS Client\;C:\Program Files\Intel\iCLS Client\;C:\Program Files (x86)\Common Files\Oracle\Java\javapath;C:\ProgramData\Oracle\Java\javapath;C:\WINDOWS\system32;C:\WINDOWS;C:\WINDOWS\System32\Wbem;C:\WINDOWS\System32\WindowsPowerShell\v1.0\;C:\Program Files (x86)\NVIDIA Corporation\PhysX\Common;C:\Program Files\MATLAB\MATLAB Production Server\R2015a\runtime\win64;C:\Program Files\MATLAB\MATLAB Production Server\R2015a\bin;C:\Program Files\MATLAB\MATLAB Production Server\R2015a\polyspace\bin;C:\Program Files\dotnet\;C:\Users\Zsolti\AppData\Local\Microsoft\WindowsApps;C:\Program Files\Microsoft VS Code\bin;C:\adb;C:\Program Files\Intel\Intel(R) Management Engine Components\DAL;C:\Program Files\Intel\Intel(R) Management Engine Components\IPT;C:\Program Files (x86)\Intel\Intel(R) Management Engine Components\DAL;C:\Program Files (x86)\Intel\Intel(R) Management Engine Components\IPT;C:\WINDOWS\system32;C:\WINDOWS;C:\WINDOWS\System32\Wbem;C:\WINDOWS\System32\WindowsPowerShell\v1.0\;C:\WINDOWS\System32\OpenSSH\;C:\Program Files\Git\cmd;C:\Program Files\NVIDIA Corporation\NVIDIA NvDLISR;C:\Users\Zsolti\AppData\Local\Microsoft\WindowsApps;;C:\Program Files\Microsoft VS Code\bin
USERNAME=Zsolti
OS=Windows_NT
PROCESSOR_IDENTIFIER=Intel64 Family 6 Model 60 Stepping 3, GenuineIntel



---------------  S Y S T E M  ---------------

OS: Windows 10.0 , 64 bit Build 17134 (10.0.17134.556)

CPU:total 8 (initial active 8) (4 cores per cpu, 2 threads per core) family 6 model 60 stepping 3, cmov, cx8, fxsr, mmx, sse, sse2, sse3, ssse3, sse4.1, sse4.2, popcnt, avx, avx2, aes, clmul, erms, lzcnt, ht, tsc, tscinvbit, bmi1, bmi2

Memory: 4k page, physical 12397584k(1484460k free), swap 12397584k(2196k free)

vm_info: OpenJDK 64-Bit Server VM (25.152-b06) for windows-amd64 JRE (1.8.0_152-release-1136-b06), built by "builder" with MS VC++ 10.0 (VS2010)

time: Wed Feb 20 19:36:43 2019
elapsed time: 2504 seconds (0d 0h 41m 44s)

